[0.010s] Invoking command in '/home/sckirl/tutorial_ws/build/my_package': CMAKE_PREFIX_PATH=${CMAKE_PREFIX_PATH}:/home/sckirl/ros_ws/install/my_first_pkg:/opt/ros/kilted DEBUGINFOD_URLS=https://debuginfod.ubuntu.com /usr/bin/cmake /home/sckirl/tutorial_ws/src/my_package -DCMAKE_INSTALL_PREFIX=/home/sckirl/tutorial_ws/install/my_package
[0.246s] -- The C compiler identification is GNU 13.3.0
[0.360s] -- The CXX compiler identification is GNU 13.3.0
[0.376s] -- Detecting C compiler ABI info
[0.436s] -- Detecting C compiler ABI info - done
[0.441s] -- Check for working C compiler: /usr/bin/cc - skipped
[0.442s] -- Detecting C compile features
[0.442s] -- Detecting C compile features - done
[0.447s] -- Detecting CXX compiler ABI info
[0.498s] -- Detecting CXX compiler ABI info - done
[0.504s] -- Check for working CXX compiler: /usr/bin/c++ - skipped
[0.504s] -- Detecting CXX compile features
[0.504s] -- Detecting CXX compile features - done
[0.532s] -- Found ament_cmake: 2.7.3 (/opt/ros/kilted/share/ament_cmake/cmake)
[0.615s] -- Found Python3: /usr/bin/python3 (found version "3.12.3") found components: Interpreter 
[0.704s] -- Found ament_lint_auto: 0.19.2 (/opt/ros/kilted/share/ament_lint_auto/cmake)
[0.772s] -- Added test 'cppcheck' to perform static code analysis on C / C++ code
[0.772s] -- Configured cppcheck include dirs: $<BUILD_INTERFACE:/home/sckirl/tutorial_ws/src/my_package/include>
[0.772s] -- Configured cppcheck exclude dirs and/or files: 
[0.772s] -- Added test 'lint_cmake' to check CMake code style
[0.773s] -- Added test 'uncrustify' to check C / C++ code style
[0.773s] -- Configured uncrustify additional arguments: 
[0.774s] -- Added test 'xmllint' to check XML markup files
[0.775s] -- Configuring done (0.7s)
[0.778s] -- Generating done (0.0s)
[0.780s] -- Build files have been written to: /home/sckirl/tutorial_ws/build/my_package
[0.784s] Invoked command in '/home/sckirl/tutorial_ws/build/my_package' returned '0': CMAKE_PREFIX_PATH=${CMAKE_PREFIX_PATH}:/home/sckirl/ros_ws/install/my_first_pkg:/opt/ros/kilted DEBUGINFOD_URLS=https://debuginfod.ubuntu.com /usr/bin/cmake /home/sckirl/tutorial_ws/src/my_package -DCMAKE_INSTALL_PREFIX=/home/sckirl/tutorial_ws/install/my_package
[0.784s] Invoking command in '/home/sckirl/tutorial_ws/build/my_package': CMAKE_PREFIX_PATH=${CMAKE_PREFIX_PATH}:/home/sckirl/ros_ws/install/my_first_pkg:/opt/ros/kilted DEBUGINFOD_URLS=https://debuginfod.ubuntu.com /usr/bin/cmake --build /home/sckirl/tutorial_ws/build/my_package -- -j4 -l4
[0.809s] [ 50%] [32mBuilding CXX object CMakeFiles/my_node.dir/src/my_node.cpp.o[0m
[0.847s] [100%] [32m[1mLinking CXX executable my_node[0m
[0.868s] [100%] Built target my_node
[0.873s] Invoked command in '/home/sckirl/tutorial_ws/build/my_package' returned '0': CMAKE_PREFIX_PATH=${CMAKE_PREFIX_PATH}:/home/sckirl/ros_ws/install/my_first_pkg:/opt/ros/kilted DEBUGINFOD_URLS=https://debuginfod.ubuntu.com /usr/bin/cmake --build /home/sckirl/tutorial_ws/build/my_package -- -j4 -l4
[0.877s] Invoking command in '/home/sckirl/tutorial_ws/build/my_package': CMAKE_PREFIX_PATH=${CMAKE_PREFIX_PATH}:/home/sckirl/ros_ws/install/my_first_pkg:/opt/ros/kilted DEBUGINFOD_URLS=https://debuginfod.ubuntu.com /usr/bin/cmake --install /home/sckirl/tutorial_ws/build/my_package
[0.881s] -- Install configuration: ""
[0.881s] -- Installing: /home/sckirl/tutorial_ws/install/my_package/lib/my_package/my_node
[0.881s] -- Installing: /home/sckirl/tutorial_ws/install/my_package/share/ament_index/resource_index/package_run_dependencies/my_package
[0.881s] -- Installing: /home/sckirl/tutorial_ws/install/my_package/share/ament_index/resource_index/parent_prefix_path/my_package
[0.881s] -- Installing: /home/sckirl/tutorial_ws/install/my_package/share/my_package/environment/ament_prefix_path.sh
[0.881s] -- Installing: /home/sckirl/tutorial_ws/install/my_package/share/my_package/environment/ament_prefix_path.dsv
[0.882s] -- Installing: /home/sckirl/tutorial_ws/install/my_package/share/my_package/environment/path.sh
[0.882s] -- Installing: /home/sckirl/tutorial_ws/install/my_package/share/my_package/environment/path.dsv
[0.882s] -- Installing: /home/sckirl/tutorial_ws/install/my_package/share/my_package/local_setup.bash
[0.882s] -- Installing: /home/sckirl/tutorial_ws/install/my_package/share/my_package/local_setup.sh
[0.882s] -- Installing: /home/sckirl/tutorial_ws/install/my_package/share/my_package/local_setup.zsh
[0.882s] -- Installing: /home/sckirl/tutorial_ws/install/my_package/share/my_package/local_setup.dsv
[0.882s] -- Installing: /home/sckirl/tutorial_ws/install/my_package/share/my_package/package.dsv
[0.882s] -- Installing: /home/sckirl/tutorial_ws/install/my_package/share/ament_index/resource_index/packages/my_package
[0.882s] -- Installing: /home/sckirl/tutorial_ws/install/my_package/share/my_package/cmake/my_packageConfig.cmake
[0.882s] -- Installing: /home/sckirl/tutorial_ws/install/my_package/share/my_package/cmake/my_packageConfig-version.cmake
[0.882s] -- Installing: /home/sckirl/tutorial_ws/install/my_package/share/my_package/package.xml
[0.883s] Invoked command in '/home/sckirl/tutorial_ws/build/my_package' returned '0': CMAKE_PREFIX_PATH=${CMAKE_PREFIX_PATH}:/home/sckirl/ros_ws/install/my_first_pkg:/opt/ros/kilted DEBUGINFOD_URLS=https://debuginfod.ubuntu.com /usr/bin/cmake --install /home/sckirl/tutorial_ws/build/my_package
