[0.009s] Invoking command in '/home/sckirl/tutorial_ws/build/my_package': CMAKE_PREFIX_PATH=${CMAKE_PREFIX_PATH}:/home/sckirl/ros_ws/install/my_first_pkg:/opt/ros/kilted DEBUGINFOD_URLS=https://debuginfod.ubuntu.com /usr/bin/cmake /home/sckirl/tutorial_ws/src/my_package -DCMAKE_INSTALL_PREFIX=/home/sckirl/tutorial_ws/install/my_package
[0.096s] -- The C compiler identification is GNU 13.3.0
[0.148s] -- The CXX compiler identification is GNU 13.3.0
[0.156s] -- Detecting C compiler ABI info
[0.209s] -- Detecting C compiler ABI info - done
[0.217s] -- Check for working C compiler: /usr/bin/cc - skipped
[0.217s] -- Detecting C compile features
[0.218s] -- Detecting C compile features - done
[0.222s] -- Detecting CXX compiler ABI info
[0.288s] -- Detecting CXX compiler ABI info - done
[0.291s] -- Check for working CXX compiler: /usr/bin/c++ - skipped
[0.292s] -- Detecting CXX compile features
[0.292s] -- Detecting CXX compile features - done
[0.295s] -- Found ament_cmake: 2.7.3 (/opt/ros/kilted/share/ament_cmake/cmake)
[0.384s] -- Found Python3: /usr/bin/python3 (found version "3.12.3") found components: Interpreter 
[0.461s] -- Found ament_lint_auto: 0.19.2 (/opt/ros/kilted/share/ament_lint_auto/cmake)
[0.546s] -- Added test 'cppcheck' to perform static code analysis on C / C++ code
[0.546s] -- Configured cppcheck include dirs: $<BUILD_INTERFACE:/home/sckirl/tutorial_ws/src/my_package/include>
[0.546s] -- Configured cppcheck exclude dirs and/or files: 
[0.547s] -- Added test 'lint_cmake' to check CMake code style
[0.552s] -- Added test 'uncrustify' to check C / C++ code style
[0.552s] -- Configured uncrustify additional arguments: 
[0.553s] -- Added test 'xmllint' to check XML markup files
[0.554s] -- Configuring done (0.5s)
[0.557s] -- Generating done (0.0s)
[0.559s] -- Build files have been written to: /home/sckirl/tutorial_ws/build/my_package
[0.570s] Invoked command in '/home/sckirl/tutorial_ws/build/my_package' returned '0': CMAKE_PREFIX_PATH=${CMAKE_PREFIX_PATH}:/home/sckirl/ros_ws/install/my_first_pkg:/opt/ros/kilted DEBUGINFOD_URLS=https://debuginfod.ubuntu.com /usr/bin/cmake /home/sckirl/tutorial_ws/src/my_package -DCMAKE_INSTALL_PREFIX=/home/sckirl/tutorial_ws/install/my_package
[0.571s] Invoking command in '/home/sckirl/tutorial_ws/build/my_package': CMAKE_PREFIX_PATH=${CMAKE_PREFIX_PATH}:/home/sckirl/ros_ws/install/my_first_pkg:/opt/ros/kilted DEBUGINFOD_URLS=https://debuginfod.ubuntu.com /usr/bin/cmake --build /home/sckirl/tutorial_ws/build/my_package -- -j4 -l4
[0.611s] [ 50%] [32mBuilding CXX object CMakeFiles/my_node.dir/src/my_node.cpp.o[0m
[0.631s] [100%] [32m[1mLinking CXX executable my_node[0m
[0.657s] [100%] Built target my_node
[0.662s] Invoked command in '/home/sckirl/tutorial_ws/build/my_package' returned '0': CMAKE_PREFIX_PATH=${CMAKE_PREFIX_PATH}:/home/sckirl/ros_ws/install/my_first_pkg:/opt/ros/kilted DEBUGINFOD_URLS=https://debuginfod.ubuntu.com /usr/bin/cmake --build /home/sckirl/tutorial_ws/build/my_package -- -j4 -l4
[0.669s] Invoking command in '/home/sckirl/tutorial_ws/build/my_package': CMAKE_PREFIX_PATH=${CMAKE_PREFIX_PATH}:/home/sckirl/ros_ws/install/my_first_pkg:/opt/ros/kilted DEBUGINFOD_URLS=https://debuginfod.ubuntu.com /usr/bin/cmake --install /home/sckirl/tutorial_ws/build/my_package
[0.672s] -- Install configuration: ""
[0.673s] -- Installing: /home/sckirl/tutorial_ws/install/my_package/lib/my_package/my_node
[0.673s] -- Installing: /home/sckirl/tutorial_ws/install/my_package/share/ament_index/resource_index/package_run_dependencies/my_package
[0.673s] -- Installing: /home/sckirl/tutorial_ws/install/my_package/share/ament_index/resource_index/parent_prefix_path/my_package
[0.673s] -- Installing: /home/sckirl/tutorial_ws/install/my_package/share/my_package/environment/ament_prefix_path.sh
[0.673s] -- Installing: /home/sckirl/tutorial_ws/install/my_package/share/my_package/environment/ament_prefix_path.dsv
[0.673s] -- Installing: /home/sckirl/tutorial_ws/install/my_package/share/my_package/environment/path.sh
[0.673s] -- Installing: /home/sckirl/tutorial_ws/install/my_package/share/my_package/environment/path.dsv
[0.673s] -- Installing: /home/sckirl/tutorial_ws/install/my_package/share/my_package/local_setup.bash
[0.673s] -- Installing: /home/sckirl/tutorial_ws/install/my_package/share/my_package/local_setup.sh
[0.673s] -- Installing: /home/sckirl/tutorial_ws/install/my_package/share/my_package/local_setup.zsh
[0.674s] -- Installing: /home/sckirl/tutorial_ws/install/my_package/share/my_package/local_setup.dsv
[0.674s] -- Installing: /home/sckirl/tutorial_ws/install/my_package/share/my_package/package.dsv
[0.674s] -- Installing: /home/sckirl/tutorial_ws/install/my_package/share/ament_index/resource_index/packages/my_package
[0.674s] -- Installing: /home/sckirl/tutorial_ws/install/my_package/share/my_package/cmake/my_packageConfig.cmake
[0.674s] -- Installing: /home/sckirl/tutorial_ws/install/my_package/share/my_package/cmake/my_packageConfig-version.cmake
[0.674s] -- Installing: /home/sckirl/tutorial_ws/install/my_package/share/my_package/package.xml
[0.675s] Invoked command in '/home/sckirl/tutorial_ws/build/my_package' returned '0': CMAKE_PREFIX_PATH=${CMAKE_PREFIX_PATH}:/home/sckirl/ros_ws/install/my_first_pkg:/opt/ros/kilted DEBUGINFOD_URLS=https://debuginfod.ubuntu.com /usr/bin/cmake --install /home/sckirl/tutorial_ws/build/my_package
