[0.071s] DEBUG:colcon:Command line arguments: ['/usr/bin/colcon', 'build']
[0.071s] DEBUG:colcon:Parsed command line arguments: Namespace(log_base=None, log_level=None, verb_name='build', build_base='build', install_base='install', merge_install=False, symlink_install=False, test_result_base=None, continue_on_error=False, executor='parallel', parallel_workers=4, event_handlers=None, ignore_user_meta=False, metas=['./colcon.meta'], base_paths=['.'], packages_ignore=None, packages_ignore_regex=None, paths=None, packages_up_to=None, packages_up_to_regex=None, packages_above=None, packages_above_and_dependencies=None, packages_above_depth=None, packages_select_by_dep=None, packages_skip_by_dep=None, packages_skip_up_to=None, packages_select_build_failed=False, packages_skip_build_finished=False, packages_select_test_failures=False, packages_skip_test_passed=False, packages_select=None, packages_skip=None, packages_select_regex=None, packages_skip_regex=None, packages_start=None, packages_end=None, allow_overriding=[], cmake_args=None, cmake_target=None, cmake_target_skip_unavailable=False, cmake_clean_cache=False, cmake_clean_first=False, cmake_force_configure=False, ament_cmake_args=None, catkin_cmake_args=None, catkin_skip_building_tests=False, mixin_files=None, mixin=None, verb_parser=<colcon_mixin.mixin.mixin_argument.MixinArgumentDecorator object at 0xf57b7d4720f0>, verb_extension=<colcon_core.verb.build.BuildVerb object at 0xf57b7d5f8c80>, main=<bound method BuildVerb.main of <colcon_core.verb.build.BuildVerb object at 0xf57b7d5f8c80>>, mixin_verb=('build',))
[0.096s] Level 1:colcon.colcon_core.package_discovery:discover_packages(colcon_meta) check parameters
[0.096s] Level 1:colcon.colcon_core.package_discovery:discover_packages(recursive) check parameters
[0.096s] Level 1:colcon.colcon_core.package_discovery:discover_packages(ignore) check parameters
[0.096s] Level 1:colcon.colcon_core.package_discovery:discover_packages(path) check parameters
[0.096s] Level 1:colcon.colcon_core.package_discovery:discover_packages(colcon_meta) discover
[0.096s] Level 1:colcon.colcon_core.package_discovery:discover_packages(recursive) discover
[0.096s] INFO:colcon.colcon_core.package_discovery:Crawling recursively for packages in '/home/sckirl/tutorial_ws/src'
[0.096s] Level 1:colcon.colcon_core.package_identification:_identify(.) by extensions ['ignore', 'ignore_ament_install']
[0.096s] Level 1:colcon.colcon_core.package_identification:_identify(.) by extension 'ignore'
[0.096s] Level 1:colcon.colcon_core.package_identification:_identify(.) by extension 'ignore_ament_install'
[0.096s] Level 1:colcon.colcon_core.package_identification:_identify(.) by extensions ['colcon_pkg']
[0.096s] Level 1:colcon.colcon_core.package_identification:_identify(.) by extension 'colcon_pkg'
[0.096s] Level 1:colcon.colcon_core.package_identification:_identify(.) by extensions ['colcon_meta']
[0.096s] Level 1:colcon.colcon_core.package_identification:_identify(.) by extension 'colcon_meta'
[0.096s] Level 1:colcon.colcon_core.package_identification:_identify(.) by extensions ['ros']
[0.096s] Level 1:colcon.colcon_core.package_identification:_identify(.) by extension 'ros'
[0.112s] Level 1:colcon.colcon_core.package_identification:_identify(.) by extensions ['cmake', 'python']
[0.112s] Level 1:colcon.colcon_core.package_identification:_identify(.) by extension 'cmake'
[0.112s] Level 1:colcon.colcon_core.package_identification:_identify(.) by extension 'python'
[0.112s] Level 1:colcon.colcon_core.package_identification:_identify(.) by extensions ['python_setup_py']
[0.112s] Level 1:colcon.colcon_core.package_identification:_identify(.) by extension 'python_setup_py'
[0.112s] Level 1:colcon.colcon_core.package_identification:_identify(build) by extensions ['ignore', 'ignore_ament_install']
[0.112s] Level 1:colcon.colcon_core.package_identification:_identify(build) by extension 'ignore'
[0.112s] Level 1:colcon.colcon_core.package_identification:_identify(build) ignored
[0.112s] Level 1:colcon.colcon_core.package_identification:_identify(install) by extensions ['ignore', 'ignore_ament_install']
[0.112s] Level 1:colcon.colcon_core.package_identification:_identify(install) by extension 'ignore'
[0.113s] Level 1:colcon.colcon_core.package_identification:_identify(install) ignored
[0.113s] Level 1:colcon.colcon_core.package_identification:_identify(log) by extensions ['ignore', 'ignore_ament_install']
[0.113s] Level 1:colcon.colcon_core.package_identification:_identify(log) by extension 'ignore'
[0.113s] Level 1:colcon.colcon_core.package_identification:_identify(log) ignored
[0.113s] Level 1:colcon.colcon_core.package_identification:_identify(my_package) by extensions ['ignore', 'ignore_ament_install']
[0.113s] Level 1:colcon.colcon_core.package_identification:_identify(my_package) by extension 'ignore'
[0.113s] Level 1:colcon.colcon_core.package_identification:_identify(my_package) by extension 'ignore_ament_install'
[0.113s] Level 1:colcon.colcon_core.package_identification:_identify(my_package) by extensions ['colcon_pkg']
[0.113s] Level 1:colcon.colcon_core.package_identification:_identify(my_package) by extension 'colcon_pkg'
[0.113s] Level 1:colcon.colcon_core.package_identification:_identify(my_package) by extensions ['colcon_meta']
[0.113s] Level 1:colcon.colcon_core.package_identification:_identify(my_package) by extension 'colcon_meta'
[0.113s] Level 1:colcon.colcon_core.package_identification:_identify(my_package) by extensions ['ros']
[0.113s] Level 1:colcon.colcon_core.package_identification:_identify(my_package) by extension 'ros'
[0.114s] DEBUG:colcon.colcon_core.package_identification:Package 'my_package' with type 'ros.ament_cmake' and name 'my_package'
[0.114s] Level 1:colcon.colcon_core.package_identification:_identify(py_pubsub) by extensions ['ignore', 'ignore_ament_install']
[0.114s] Level 1:colcon.colcon_core.package_identification:_identify(py_pubsub) by extension 'ignore'
[0.114s] Level 1:colcon.colcon_core.package_identification:_identify(py_pubsub) by extension 'ignore_ament_install'
[0.114s] Level 1:colcon.colcon_core.package_identification:_identify(py_pubsub) by extensions ['colcon_pkg']
[0.114s] Level 1:colcon.colcon_core.package_identification:_identify(py_pubsub) by extension 'colcon_pkg'
[0.114s] Level 1:colcon.colcon_core.package_identification:_identify(py_pubsub) by extensions ['colcon_meta']
[0.114s] Level 1:colcon.colcon_core.package_identification:_identify(py_pubsub) by extension 'colcon_meta'
[0.114s] Level 1:colcon.colcon_core.package_identification:_identify(py_pubsub) by extensions ['ros']
[0.114s] Level 1:colcon.colcon_core.package_identification:_identify(py_pubsub) by extension 'ros'
[0.114s] DEBUG:colcon.colcon_core.package_identification:Package 'py_pubsub' with type 'ros.ament_python' and name 'py_pubsub'
[0.114s] Level 1:colcon.colcon_core.package_discovery:discover_packages(recursive) using defaults
[0.114s] Level 1:colcon.colcon_core.package_discovery:discover_packages(ignore) discover
[0.114s] Level 1:colcon.colcon_core.package_discovery:discover_packages(ignore) using defaults
[0.114s] Level 1:colcon.colcon_core.package_discovery:discover_packages(path) discover
[0.115s] Level 1:colcon.colcon_core.package_discovery:discover_packages(path) using defaults
[0.129s] Level 1:colcon.colcon_core.package_discovery:discover_packages(prefix_path) check parameters
[0.129s] Level 1:colcon.colcon_core.package_discovery:discover_packages(prefix_path) discover
[0.130s] DEBUG:colcon.colcon_installed_package_information.package_discovery:Found 1 installed packages in /home/sckirl/ros_ws/install
[0.131s] DEBUG:colcon.colcon_installed_package_information.package_discovery:Found 351 installed packages in /opt/ros/kilted
[0.132s] Level 1:colcon.colcon_core.package_discovery:discover_packages(prefix_path) using defaults
[0.158s] Level 5:colcon.colcon_core.verb:set package 'my_package' build argument 'cmake_args' from command line to 'None'
[0.158s] Level 5:colcon.colcon_core.verb:set package 'my_package' build argument 'cmake_target' from command line to 'None'
[0.158s] Level 5:colcon.colcon_core.verb:set package 'my_package' build argument 'cmake_target_skip_unavailable' from command line to 'False'
[0.158s] Level 5:colcon.colcon_core.verb:set package 'my_package' build argument 'cmake_clean_cache' from command line to 'False'
[0.158s] Level 5:colcon.colcon_core.verb:set package 'my_package' build argument 'cmake_clean_first' from command line to 'False'
[0.158s] Level 5:colcon.colcon_core.verb:set package 'my_package' build argument 'cmake_force_configure' from command line to 'False'
[0.158s] Level 5:colcon.colcon_core.verb:set package 'my_package' build argument 'ament_cmake_args' from command line to 'None'
[0.158s] Level 5:colcon.colcon_core.verb:set package 'my_package' build argument 'catkin_cmake_args' from command line to 'None'
[0.158s] Level 5:colcon.colcon_core.verb:set package 'my_package' build argument 'catkin_skip_building_tests' from command line to 'False'
[0.158s] DEBUG:colcon.colcon_core.verb:Building package 'my_package' with the following arguments: {'ament_cmake_args': None, 'build_base': '/home/sckirl/tutorial_ws/src/build/my_package', 'catkin_cmake_args': None, 'catkin_skip_building_tests': False, 'cmake_args': None, 'cmake_clean_cache': False, 'cmake_clean_first': False, 'cmake_force_configure': False, 'cmake_target': None, 'cmake_target_skip_unavailable': False, 'install_base': '/home/sckirl/tutorial_ws/src/install/my_package', 'merge_install': False, 'path': '/home/sckirl/tutorial_ws/src/my_package', 'symlink_install': False, 'test_result_base': None}
[0.158s] Level 5:colcon.colcon_core.verb:set package 'py_pubsub' build argument 'cmake_args' from command line to 'None'
[0.158s] Level 5:colcon.colcon_core.verb:set package 'py_pubsub' build argument 'cmake_target' from command line to 'None'
[0.158s] Level 5:colcon.colcon_core.verb:set package 'py_pubsub' build argument 'cmake_target_skip_unavailable' from command line to 'False'
[0.158s] Level 5:colcon.colcon_core.verb:set package 'py_pubsub' build argument 'cmake_clean_cache' from command line to 'False'
[0.158s] Level 5:colcon.colcon_core.verb:set package 'py_pubsub' build argument 'cmake_clean_first' from command line to 'False'
[0.158s] Level 5:colcon.colcon_core.verb:set package 'py_pubsub' build argument 'cmake_force_configure' from command line to 'False'
[0.158s] Level 5:colcon.colcon_core.verb:set package 'py_pubsub' build argument 'ament_cmake_args' from command line to 'None'
[0.158s] Level 5:colcon.colcon_core.verb:set package 'py_pubsub' build argument 'catkin_cmake_args' from command line to 'None'
[0.158s] Level 5:colcon.colcon_core.verb:set package 'py_pubsub' build argument 'catkin_skip_building_tests' from command line to 'False'
[0.158s] DEBUG:colcon.colcon_core.verb:Building package 'py_pubsub' with the following arguments: {'ament_cmake_args': None, 'build_base': '/home/sckirl/tutorial_ws/src/build/py_pubsub', 'catkin_cmake_args': None, 'catkin_skip_building_tests': False, 'cmake_args': None, 'cmake_clean_cache': False, 'cmake_clean_first': False, 'cmake_force_configure': False, 'cmake_target': None, 'cmake_target_skip_unavailable': False, 'install_base': '/home/sckirl/tutorial_ws/src/install/py_pubsub', 'merge_install': False, 'path': '/home/sckirl/tutorial_ws/src/py_pubsub', 'symlink_install': False, 'test_result_base': None}
[0.158s] INFO:colcon.colcon_core.executor:Executing jobs using 'parallel' executor
[0.159s] DEBUG:colcon.colcon_parallel_executor.executor.parallel:run_until_complete
[0.159s] INFO:colcon.colcon_ros.task.ament_cmake.build:Building ROS package in '/home/sckirl/tutorial_ws/src/my_package' with build type 'ament_cmake'
[0.159s] INFO:colcon.colcon_cmake.task.cmake.build:Building CMake package in '/home/sckirl/tutorial_ws/src/my_package'
[0.160s] INFO:colcon.colcon_core.plugin_system:Skipping extension 'colcon_core.shell.bat': Not used on non-Windows systems
[0.160s] INFO:colcon.colcon_core.shell:Skip shell extension 'powershell' for command environment: Not usable outside of PowerShell
[0.160s] DEBUG:colcon.colcon_core.shell:Skip shell extension 'dsv' for command environment
[0.163s] INFO:colcon.colcon_ros.task.ament_python.build:Building ROS package in '/home/sckirl/tutorial_ws/src/py_pubsub' with build type 'ament_python'
[0.163s] Level 1:colcon.colcon_core.shell:create_environment_hook('py_pubsub', 'ament_prefix_path')
[0.164s] INFO:colcon.colcon_core.shell:Creating environment hook '/home/sckirl/tutorial_ws/src/install/py_pubsub/share/py_pubsub/hook/ament_prefix_path.ps1'
[0.164s] INFO:colcon.colcon_core.shell:Creating environment descriptor '/home/sckirl/tutorial_ws/src/install/py_pubsub/share/py_pubsub/hook/ament_prefix_path.dsv'
[0.164s] INFO:colcon.colcon_core.shell:Creating environment hook '/home/sckirl/tutorial_ws/src/install/py_pubsub/share/py_pubsub/hook/ament_prefix_path.sh'
[0.165s] INFO:colcon.colcon_core.shell:Skip shell extension 'powershell' for command environment: Not usable outside of PowerShell
[0.165s] DEBUG:colcon.colcon_core.shell:Skip shell extension 'dsv' for command environment
[0.169s] DEBUG:colcon.colcon_core.event_handler.log_command:Invoking command in '/home/sckirl/tutorial_ws/src/build/my_package': CMAKE_PREFIX_PATH=${CMAKE_PREFIX_PATH}:/home/sckirl/ros_ws/install/my_first_pkg:/opt/ros/kilted DEBUGINFOD_URLS=https://debuginfod.ubuntu.com /usr/bin/cmake --build /home/sckirl/tutorial_ws/src/build/my_package -- -j4 -l4
[0.314s] INFO:colcon.colcon_core.task.python.build:Building Python package in '/home/sckirl/tutorial_ws/src/py_pubsub'
[0.314s] INFO:colcon.colcon_core.shell:Skip shell extension 'powershell' for command environment: Not usable outside of PowerShell
[0.314s] DEBUG:colcon.colcon_core.shell:Skip shell extension 'dsv' for command environment
[0.318s] DEBUG:colcon.colcon_core.event_handler.log_command:Invoked command in '/home/sckirl/tutorial_ws/src/build/my_package' returned '0': CMAKE_PREFIX_PATH=${CMAKE_PREFIX_PATH}:/home/sckirl/ros_ws/install/my_first_pkg:/opt/ros/kilted DEBUGINFOD_URLS=https://debuginfod.ubuntu.com /usr/bin/cmake --build /home/sckirl/tutorial_ws/src/build/my_package -- -j4 -l4
[0.327s] DEBUG:colcon.colcon_core.event_handler.log_command:Invoking command in '/home/sckirl/tutorial_ws/src/build/my_package': CMAKE_PREFIX_PATH=${CMAKE_PREFIX_PATH}:/home/sckirl/ros_ws/install/my_first_pkg:/opt/ros/kilted DEBUGINFOD_URLS=https://debuginfod.ubuntu.com /usr/bin/cmake --install /home/sckirl/tutorial_ws/src/build/my_package
[0.337s] Level 1:colcon.colcon_core.environment:create_environment_scripts_only(my_package)
[0.338s] DEBUG:colcon.colcon_core.event_handler.log_command:Invoked command in '/home/sckirl/tutorial_ws/src/build/my_package' returned '0': CMAKE_PREFIX_PATH=${CMAKE_PREFIX_PATH}:/home/sckirl/ros_ws/install/my_first_pkg:/opt/ros/kilted DEBUGINFOD_URLS=https://debuginfod.ubuntu.com /usr/bin/cmake --install /home/sckirl/tutorial_ws/src/build/my_package
[0.339s] Level 1:colcon.colcon_core.environment:checking '/home/sckirl/tutorial_ws/src/install/my_package' for CMake module files
[0.339s] Level 1:colcon.colcon_core.environment:checking '/home/sckirl/tutorial_ws/src/install/my_package' for CMake config files
[0.340s] Level 1:colcon.colcon_core.shell:create_environment_hook('my_package', 'cmake_prefix_path')
[0.340s] INFO:colcon.colcon_core.shell:Creating environment hook '/home/sckirl/tutorial_ws/src/install/my_package/share/my_package/hook/cmake_prefix_path.ps1'
[0.340s] INFO:colcon.colcon_core.shell:Creating environment descriptor '/home/sckirl/tutorial_ws/src/install/my_package/share/my_package/hook/cmake_prefix_path.dsv'
[0.340s] INFO:colcon.colcon_core.shell:Creating environment hook '/home/sckirl/tutorial_ws/src/install/my_package/share/my_package/hook/cmake_prefix_path.sh'
[0.340s] Level 1:colcon.colcon_core.environment:checking '/home/sckirl/tutorial_ws/src/install/my_package/lib'
[0.341s] Level 1:colcon.colcon_core.environment:checking '/home/sckirl/tutorial_ws/src/install/my_package/bin'
[0.341s] Level 1:colcon.colcon_core.environment:checking '/home/sckirl/tutorial_ws/src/install/my_package/lib/pkgconfig/my_package.pc'
[0.341s] Level 1:colcon.colcon_core.environment:checking '/home/sckirl/tutorial_ws/src/install/my_package/lib/python3.12/site-packages'
[0.341s] Level 1:colcon.colcon_core.environment:checking '/home/sckirl/tutorial_ws/src/install/my_package/bin'
[0.341s] INFO:colcon.colcon_core.shell:Creating package script '/home/sckirl/tutorial_ws/src/install/my_package/share/my_package/package.ps1'
[0.342s] INFO:colcon.colcon_core.shell:Creating package descriptor '/home/sckirl/tutorial_ws/src/install/my_package/share/my_package/package.dsv'
[0.342s] INFO:colcon.colcon_core.shell:Creating package script '/home/sckirl/tutorial_ws/src/install/my_package/share/my_package/package.sh'
[0.342s] INFO:colcon.colcon_core.shell:Creating package script '/home/sckirl/tutorial_ws/src/install/my_package/share/my_package/package.bash'
[0.342s] INFO:colcon.colcon_core.shell:Creating package script '/home/sckirl/tutorial_ws/src/install/my_package/share/my_package/package.zsh'
[0.343s] Level 1:colcon.colcon_core.environment:create_file_with_runtime_dependencies(/home/sckirl/tutorial_ws/src/install/my_package/share/colcon-core/packages/my_package)
[0.343s] Level 1:colcon.colcon_core.environment:create_environment_scripts_only(my_package)
[0.343s] Level 1:colcon.colcon_core.environment:checking '/home/sckirl/tutorial_ws/src/install/my_package' for CMake module files
[0.344s] Level 1:colcon.colcon_core.environment:checking '/home/sckirl/tutorial_ws/src/install/my_package' for CMake config files
[0.344s] Level 1:colcon.colcon_core.shell:create_environment_hook('my_package', 'cmake_prefix_path')
[0.344s] INFO:colcon.colcon_core.shell:Creating environment hook '/home/sckirl/tutorial_ws/src/install/my_package/share/my_package/hook/cmake_prefix_path.ps1'
[0.344s] INFO:colcon.colcon_core.shell:Creating environment descriptor '/home/sckirl/tutorial_ws/src/install/my_package/share/my_package/hook/cmake_prefix_path.dsv'
[0.344s] INFO:colcon.colcon_core.shell:Creating environment hook '/home/sckirl/tutorial_ws/src/install/my_package/share/my_package/hook/cmake_prefix_path.sh'
[0.344s] Level 1:colcon.colcon_core.environment:checking '/home/sckirl/tutorial_ws/src/install/my_package/lib'
[0.345s] Level 1:colcon.colcon_core.environment:checking '/home/sckirl/tutorial_ws/src/install/my_package/bin'
[0.345s] Level 1:colcon.colcon_core.environment:checking '/home/sckirl/tutorial_ws/src/install/my_package/lib/pkgconfig/my_package.pc'
[0.345s] Level 1:colcon.colcon_core.environment:checking '/home/sckirl/tutorial_ws/src/install/my_package/lib/python3.12/site-packages'
[0.345s] Level 1:colcon.colcon_core.environment:checking '/home/sckirl/tutorial_ws/src/install/my_package/bin'
[0.345s] INFO:colcon.colcon_core.shell:Creating package script '/home/sckirl/tutorial_ws/src/install/my_package/share/my_package/package.ps1'
[0.345s] INFO:colcon.colcon_core.shell:Creating package descriptor '/home/sckirl/tutorial_ws/src/install/my_package/share/my_package/package.dsv'
[0.345s] INFO:colcon.colcon_core.shell:Creating package script '/home/sckirl/tutorial_ws/src/install/my_package/share/my_package/package.sh'
[0.345s] INFO:colcon.colcon_core.shell:Creating package script '/home/sckirl/tutorial_ws/src/install/my_package/share/my_package/package.bash'
[0.346s] INFO:colcon.colcon_core.shell:Creating package script '/home/sckirl/tutorial_ws/src/install/my_package/share/my_package/package.zsh'
[0.346s] Level 1:colcon.colcon_core.environment:create_file_with_runtime_dependencies(/home/sckirl/tutorial_ws/src/install/my_package/share/colcon-core/packages/my_package)
[0.755s] DEBUG:colcon.colcon_core.event_handler.log_command:Invoking command in '/home/sckirl/tutorial_ws/src/py_pubsub': DEBUGINFOD_URLS=https://debuginfod.ubuntu.com PYTHONPATH=/home/sckirl/tutorial_ws/src/build/py_pubsub/prefix_override:/usr/lib/python3/dist-packages/colcon_core/task/python/colcon_distutils_commands:/home/sckirl/tutorial_ws/src/install/py_pubsub/lib/python3.12/site-packages:${PYTHONPATH} /usr/bin/python3 -W ignore:setup.py install is deprecated -W ignore:easy_install command is deprecated setup.py egg_info --egg-base ../build/py_pubsub build --build-base /home/sckirl/tutorial_ws/src/build/py_pubsub/build install --record /home/sckirl/tutorial_ws/src/build/py_pubsub/install.log --single-version-externally-managed install_data
[1.037s] Level 1:colcon.colcon_core.environment:checking '/home/sckirl/tutorial_ws/src/install/py_pubsub' for CMake module files
[1.037s] DEBUG:colcon.colcon_core.event_handler.log_command:Invoked command in '/home/sckirl/tutorial_ws/src/py_pubsub' returned '0': DEBUGINFOD_URLS=https://debuginfod.ubuntu.com PYTHONPATH=/home/sckirl/tutorial_ws/src/build/py_pubsub/prefix_override:/usr/lib/python3/dist-packages/colcon_core/task/python/colcon_distutils_commands:/home/sckirl/tutorial_ws/src/install/py_pubsub/lib/python3.12/site-packages:${PYTHONPATH} /usr/bin/python3 -W ignore:setup.py install is deprecated -W ignore:easy_install command is deprecated setup.py egg_info --egg-base ../build/py_pubsub build --build-base /home/sckirl/tutorial_ws/src/build/py_pubsub/build install --record /home/sckirl/tutorial_ws/src/build/py_pubsub/install.log --single-version-externally-managed install_data
[1.038s] Level 1:colcon.colcon_core.environment:checking '/home/sckirl/tutorial_ws/src/install/py_pubsub' for CMake config files
[1.038s] Level 1:colcon.colcon_core.environment:checking '/home/sckirl/tutorial_ws/src/install/py_pubsub/lib'
[1.038s] Level 1:colcon.colcon_core.environment:checking '/home/sckirl/tutorial_ws/src/install/py_pubsub/bin'
[1.038s] Level 1:colcon.colcon_core.environment:checking '/home/sckirl/tutorial_ws/src/install/py_pubsub/lib/pkgconfig/py_pubsub.pc'
[1.038s] Level 1:colcon.colcon_core.environment:checking '/home/sckirl/tutorial_ws/src/install/py_pubsub/lib/python3.12/site-packages'
[1.038s] Level 1:colcon.colcon_core.shell:create_environment_hook('py_pubsub', 'pythonpath')
[1.038s] INFO:colcon.colcon_core.shell:Creating environment hook '/home/sckirl/tutorial_ws/src/install/py_pubsub/share/py_pubsub/hook/pythonpath.ps1'
[1.039s] INFO:colcon.colcon_core.shell:Creating environment descriptor '/home/sckirl/tutorial_ws/src/install/py_pubsub/share/py_pubsub/hook/pythonpath.dsv'
[1.039s] INFO:colcon.colcon_core.shell:Creating environment hook '/home/sckirl/tutorial_ws/src/install/py_pubsub/share/py_pubsub/hook/pythonpath.sh'
[1.039s] Level 1:colcon.colcon_core.environment:checking '/home/sckirl/tutorial_ws/src/install/py_pubsub/bin'
[1.039s] Level 1:colcon.colcon_core.environment:create_environment_scripts_only(py_pubsub)
[1.039s] INFO:colcon.colcon_core.shell:Creating package script '/home/sckirl/tutorial_ws/src/install/py_pubsub/share/py_pubsub/package.ps1'
[1.039s] INFO:colcon.colcon_core.shell:Creating package descriptor '/home/sckirl/tutorial_ws/src/install/py_pubsub/share/py_pubsub/package.dsv'
[1.040s] INFO:colcon.colcon_core.shell:Creating package script '/home/sckirl/tutorial_ws/src/install/py_pubsub/share/py_pubsub/package.sh'
[1.040s] INFO:colcon.colcon_core.shell:Creating package script '/home/sckirl/tutorial_ws/src/install/py_pubsub/share/py_pubsub/package.bash'
[1.040s] INFO:colcon.colcon_core.shell:Creating package script '/home/sckirl/tutorial_ws/src/install/py_pubsub/share/py_pubsub/package.zsh'
[1.040s] Level 1:colcon.colcon_core.environment:create_file_with_runtime_dependencies(/home/sckirl/tutorial_ws/src/install/py_pubsub/share/colcon-core/packages/py_pubsub)
[1.040s] DEBUG:colcon.colcon_parallel_executor.executor.parallel:closing loop
[1.041s] DEBUG:colcon.colcon_parallel_executor.executor.parallel:loop closed
[1.041s] DEBUG:colcon.colcon_parallel_executor.executor.parallel:run_until_complete finished with '0'
[1.041s] DEBUG:colcon.colcon_core.event_reactor:joining thread
[1.045s] INFO:colcon.colcon_core.plugin_system:Skipping extension 'colcon_notification.desktop_notification.terminal_notifier': Not used on non-Darwin systems
[1.045s] INFO:colcon.colcon_core.plugin_system:Skipping extension 'colcon_notification.desktop_notification.win32': Not used on non-Windows systems
[1.045s] INFO:colcon.colcon_notification.desktop_notification:Sending desktop notification using 'notify2'
[1.071s] DEBUG:colcon.colcon_core.event_reactor:joined thread
[1.071s] INFO:colcon.colcon_core.shell:Creating prefix script '/home/sckirl/tutorial_ws/src/install/local_setup.ps1'
[1.072s] INFO:colcon.colcon_core.shell:Creating prefix util module '/home/sckirl/tutorial_ws/src/install/_local_setup_util_ps1.py'
[1.072s] INFO:colcon.colcon_core.shell:Creating prefix chain script '/home/sckirl/tutorial_ws/src/install/setup.ps1'
[1.073s] INFO:colcon.colcon_core.shell:Creating prefix script '/home/sckirl/tutorial_ws/src/install/local_setup.sh'
[1.073s] INFO:colcon.colcon_core.shell:Creating prefix util module '/home/sckirl/tutorial_ws/src/install/_local_setup_util_sh.py'
[1.073s] INFO:colcon.colcon_core.shell:Creating prefix chain script '/home/sckirl/tutorial_ws/src/install/setup.sh'
[1.074s] INFO:colcon.colcon_core.shell:Creating prefix script '/home/sckirl/tutorial_ws/src/install/local_setup.bash'
[1.074s] INFO:colcon.colcon_core.shell:Creating prefix chain script '/home/sckirl/tutorial_ws/src/install/setup.bash'
[1.074s] INFO:colcon.colcon_core.shell:Creating prefix script '/home/sckirl/tutorial_ws/src/install/local_setup.zsh'
[1.075s] INFO:colcon.colcon_core.shell:Creating prefix chain script '/home/sckirl/tutorial_ws/src/install/setup.zsh'
