[0.012s] Invoking command in '/home/sckirl/tutorial_ws/build/my_package': CMAKE_PREFIX_PATH=${CMAKE_PREFIX_PATH}:/home/sckirl/ros_ws/install/my_first_pkg:/opt/ros/kilted DEBUGINFOD_URLS=https://debuginfod.ubuntu.com /usr/bin/cmake --build /home/sckirl/tutorial_ws/build/my_package -- -j4 -l4
[0.069s] [100%] Built target my_node
[0.171s] Invoked command in '/home/sckirl/tutorial_ws/build/my_package' returned '0': CMAKE_PREFIX_PATH=${CMAKE_PREFIX_PATH}:/home/sckirl/ros_ws/install/my_first_pkg:/opt/ros/kilted DEBUGINFOD_URLS=https://debuginfod.ubuntu.com /usr/bin/cmake --build /home/sckirl/tutorial_ws/build/my_package -- -j4 -l4
[0.178s] Invoking command in '/home/sckirl/tutorial_ws/build/my_package': CMAKE_PREFIX_PATH=${CMAKE_PREFIX_PATH}:/home/sckirl/ros_ws/install/my_first_pkg:/opt/ros/kilted DEBUGINFOD_URLS=https://debuginfod.ubuntu.com /usr/bin/cmake --install /home/sckirl/tutorial_ws/build/my_package
[0.183s] -- Install configuration: ""
[0.183s] -- Up-to-date: /home/sckirl/tutorial_ws/install/my_package/lib/my_package/my_node
[0.183s] -- Up-to-date: /home/sckirl/tutorial_ws/install/my_package/share/ament_index/resource_index/package_run_dependencies/my_package
[0.183s] -- Up-to-date: /home/sckirl/tutorial_ws/install/my_package/share/ament_index/resource_index/parent_prefix_path/my_package
[0.183s] -- Up-to-date: /home/sckirl/tutorial_ws/install/my_package/share/my_package/environment/ament_prefix_path.sh
[0.183s] -- Up-to-date: /home/sckirl/tutorial_ws/install/my_package/share/my_package/environment/ament_prefix_path.dsv
[0.183s] -- Up-to-date: /home/sckirl/tutorial_ws/install/my_package/share/my_package/environment/path.sh
[0.183s] -- Up-to-date: /home/sckirl/tutorial_ws/install/my_package/share/my_package/environment/path.dsv
[0.183s] -- Up-to-date: /home/sckirl/tutorial_ws/install/my_package/share/my_package/local_setup.bash
[0.183s] -- Up-to-date: /home/sckirl/tutorial_ws/install/my_package/share/my_package/local_setup.sh
[0.183s] -- Up-to-date: /home/sckirl/tutorial_ws/install/my_package/share/my_package/local_setup.zsh
[0.183s] -- Up-to-date: /home/sckirl/tutorial_ws/install/my_package/share/my_package/local_setup.dsv
[0.184s] -- Installing: /home/sckirl/tutorial_ws/install/my_package/share/my_package/package.dsv
[0.184s] -- Up-to-date: /home/sckirl/tutorial_ws/install/my_package/share/ament_index/resource_index/packages/my_package
[0.184s] -- Up-to-date: /home/sckirl/tutorial_ws/install/my_package/share/my_package/cmake/my_packageConfig.cmake
[0.184s] -- Up-to-date: /home/sckirl/tutorial_ws/install/my_package/share/my_package/cmake/my_packageConfig-version.cmake
[0.184s] -- Up-to-date: /home/sckirl/tutorial_ws/install/my_package/share/my_package/package.xml
[0.185s] Invoked command in '/home/sckirl/tutorial_ws/build/my_package' returned '0': CMAKE_PREFIX_PATH=${CMAKE_PREFIX_PATH}:/home/sckirl/ros_ws/install/my_first_pkg:/opt/ros/kilted DEBUGINFOD_URLS=https://debuginfod.ubuntu.com /usr/bin/cmake --install /home/sckirl/tutorial_ws/build/my_package
