running egg_info
creating ../../build/urdf_tutorial_r2d2/urdf_tutorial_r2d2.egg-info
writing ../../build/urdf_tutorial_r2d2/urdf_tutorial_r2d2.egg-info/PKG-INFO
writing dependency_links to ../../build/urdf_tutorial_r2d2/urdf_tutorial_r2d2.egg-info/dependency_links.txt
writing requirements to ../../build/urdf_tutorial_r2d2/urdf_tutorial_r2d2.egg-info/requires.txt
writing top-level names to ../../build/urdf_tutorial_r2d2/urdf_tutorial_r2d2.egg-info/top_level.txt
writing manifest file '../../build/urdf_tutorial_r2d2/urdf_tutorial_r2d2.egg-info/SOURCES.txt'
reading manifest file '../../build/urdf_tutorial_r2d2/urdf_tutorial_r2d2.egg-info/SOURCES.txt'
adding license file 'LICENSE'
writing manifest file '../../build/urdf_tutorial_r2d2/urdf_tutorial_r2d2.egg-info/SOURCES.txt'
running build
running build_py
creating /mnt/c/RNDprojects/ROS/build/urdf_tutorial_r2d2/build
creating /mnt/c/RNDprojects/ROS/build/urdf_tutorial_r2d2/build/lib
creating /mnt/c/RNDprojects/ROS/build/urdf_tutorial_r2d2/build/lib/urdf_tutorial_r2d2
copying urdf_tutorial_r2d2/__init__.py -> /mnt/c/RNDprojects/ROS/build/urdf_tutorial_r2d2/build/lib/urdf_tutorial_r2d2
running install
running install_lib
creating /mnt/c/RNDprojects/ROS/install/urdf_tutorial_r2d2/lib/python3.12/site-packages/urdf_tutorial_r2d2
copying /mnt/c/RNDprojects/ROS/build/urdf_tutorial_r2d2/build/lib/urdf_tutorial_r2d2/__init__.py -> /mnt/c/RNDprojects/ROS/install/urdf_tutorial_r2d2/lib/python3.12/site-packages/urdf_tutorial_r2d2
byte-compiling /mnt/c/RNDprojects/ROS/install/urdf_tutorial_r2d2/lib/python3.12/site-packages/urdf_tutorial_r2d2/__init__.py to __init__.cpython-312.pyc
running install_data
creating /mnt/c/RNDprojects/ROS/install/urdf_tutorial_r2d2/share/ament_index
creating /mnt/c/RNDprojects/ROS/install/urdf_tutorial_r2d2/share/ament_index/resource_index
creating /mnt/c/RNDprojects/ROS/install/urdf_tutorial_r2d2/share/ament_index/resource_index/packages
copying resource/urdf_tutorial_r2d2 -> /mnt/c/RNDprojects/ROS/install/urdf_tutorial_r2d2/share/ament_index/resource_index/packages
copying package.xml -> /mnt/c/RNDprojects/ROS/install/urdf_tutorial_r2d2/share/urdf_tutorial_r2d2
running install_egg_info
Copying ../../build/urdf_tutorial_r2d2/urdf_tutorial_r2d2.egg-info to /mnt/c/RNDprojects/ROS/install/urdf_tutorial_r2d2/lib/python3.12/site-packages/urdf_tutorial_r2d2-0.0.0-py3.12.egg-info
running install_scripts
writing list of installed files to '/mnt/c/RNDprojects/ROS/build/urdf_tutorial_r2d2/install.log'
