[2.853s] Invoking command in '/mnt/c/RNDprojects/ROS/src/urdf_tutorial_r2d2': PYTHONPATH=/mnt/c/RNDprojects/ROS/build/urdf_tutorial_r2d2/prefix_override:/usr/lib/python3/dist-packages/colcon_core/task/python/colcon_distutils_commands:/mnt/c/RNDprojects/ROS/install/urdf_tutorial_r2d2/lib/python3.12/site-packages:${PYTHONPATH} /usr/bin/python3 -W ignore:setup.py install is deprecated -W ignore:easy_install command is deprecated setup.py egg_info --egg-base ../../build/urdf_tutorial_r2d2 build --build-base /mnt/c/RNDprojects/ROS/build/urdf_tutorial_r2d2/build install --record /mnt/c/RNDprojects/ROS/build/urdf_tutorial_r2d2/install.log --single-version-externally-managed install_data
[3.854s] running egg_info
[3.858s] creating ../../build/urdf_tutorial_r2d2/urdf_tutorial_r2d2.egg-info
[3.889s] writing ../../build/urdf_tutorial_r2d2/urdf_tutorial_r2d2.egg-info/PKG-INFO
[3.900s] writing dependency_links to ../../build/urdf_tutorial_r2d2/urdf_tutorial_r2d2.egg-info/dependency_links.txt
[3.909s] writing requirements to ../../build/urdf_tutorial_r2d2/urdf_tutorial_r2d2.egg-info/requires.txt
[3.912s] writing top-level names to ../../build/urdf_tutorial_r2d2/urdf_tutorial_r2d2.egg-info/top_level.txt
[3.920s] writing manifest file '../../build/urdf_tutorial_r2d2/urdf_tutorial_r2d2.egg-info/SOURCES.txt'
[4.010s] reading manifest file '../../build/urdf_tutorial_r2d2/urdf_tutorial_r2d2.egg-info/SOURCES.txt'
[4.046s] adding license file 'LICENSE'
[4.070s] writing manifest file '../../build/urdf_tutorial_r2d2/urdf_tutorial_r2d2.egg-info/SOURCES.txt'
[4.075s] running build
[4.076s] running build_py
[4.082s] creating /mnt/c/RNDprojects/ROS/build/urdf_tutorial_r2d2/build
[4.084s] creating /mnt/c/RNDprojects/ROS/build/urdf_tutorial_r2d2/build/lib
[4.086s] creating /mnt/c/RNDprojects/ROS/build/urdf_tutorial_r2d2/build/lib/urdf_tutorial_r2d2
[4.097s] copying urdf_tutorial_r2d2/__init__.py -> /mnt/c/RNDprojects/ROS/build/urdf_tutorial_r2d2/build/lib/urdf_tutorial_r2d2
[4.111s] running install
[4.123s] running install_lib
[4.176s] creating /mnt/c/RNDprojects/ROS/install/urdf_tutorial_r2d2/lib/python3.12/site-packages/urdf_tutorial_r2d2
[4.195s] copying /mnt/c/RNDprojects/ROS/build/urdf_tutorial_r2d2/build/lib/urdf_tutorial_r2d2/__init__.py -> /mnt/c/RNDprojects/ROS/install/urdf_tutorial_r2d2/lib/python3.12/site-packages/urdf_tutorial_r2d2
[4.234s] byte-compiling /mnt/c/RNDprojects/ROS/install/urdf_tutorial_r2d2/lib/python3.12/site-packages/urdf_tutorial_r2d2/__init__.py to __init__.cpython-312.pyc
[4.271s] running install_data
[4.279s] creating /mnt/c/RNDprojects/ROS/install/urdf_tutorial_r2d2/share/ament_index
[4.281s] creating /mnt/c/RNDprojects/ROS/install/urdf_tutorial_r2d2/share/ament_index/resource_index
[4.284s] creating /mnt/c/RNDprojects/ROS/install/urdf_tutorial_r2d2/share/ament_index/resource_index/packages
[4.296s] copying resource/urdf_tutorial_r2d2 -> /mnt/c/RNDprojects/ROS/install/urdf_tutorial_r2d2/share/ament_index/resource_index/packages
[4.322s] copying package.xml -> /mnt/c/RNDprojects/ROS/install/urdf_tutorial_r2d2/share/urdf_tutorial_r2d2
[4.337s] running install_egg_info
[4.390s] Copying ../../build/urdf_tutorial_r2d2/urdf_tutorial_r2d2.egg-info to /mnt/c/RNDprojects/ROS/install/urdf_tutorial_r2d2/lib/python3.12/site-packages/urdf_tutorial_r2d2-0.0.0-py3.12.egg-info
[4.629s] running install_scripts
[5.016s] writing list of installed files to '/mnt/c/RNDprojects/ROS/build/urdf_tutorial_r2d2/install.log'
[5.040s] Invoked command in '/mnt/c/RNDprojects/ROS/src/urdf_tutorial_r2d2' returned '0': PYTHONPATH=/mnt/c/RNDprojects/ROS/build/urdf_tutorial_r2d2/prefix_override:/usr/lib/python3/dist-packages/colcon_core/task/python/colcon_distutils_commands:/mnt/c/RNDprojects/ROS/install/urdf_tutorial_r2d2/lib/python3.12/site-packages:${PYTHONPATH} /usr/bin/python3 -W ignore:setup.py install is deprecated -W ignore:easy_install command is deprecated setup.py egg_info --egg-base ../../build/urdf_tutorial_r2d2 build --build-base /mnt/c/RNDprojects/ROS/build/urdf_tutorial_r2d2/build install --record /mnt/c/RNDprojects/ROS/build/urdf_tutorial_r2d2/install.log --single-version-externally-managed install_data
