[0.520s] Invoking command in '/home/sckirl/tutorial_ws/src/py_pubsub': DEBUGINFOD_URLS=https://debuginfod.ubuntu.com PYTHONPATH=/home/sckirl/tutorial_ws/build/py_pubsub/prefix_override:/usr/lib/python3/dist-packages/colcon_core/task/python/colcon_distutils_commands:/home/sckirl/tutorial_ws/install/py_pubsub/lib/python3.12/site-packages:${PYTHONPATH} /usr/bin/python3 -W ignore:setup.py install is deprecated -W ignore:easy_install command is deprecated setup.py egg_info --egg-base ../../build/py_pubsub build --build-base /home/sckirl/tutorial_ws/build/py_pubsub/build install --record /home/sckirl/tutorial_ws/build/py_pubsub/install.log --single-version-externally-managed install_data
[0.668s] running egg_info
[0.676s] writing ../../build/py_pubsub/py_pubsub.egg-info/PKG-INFO
[0.676s] writing dependency_links to ../../build/py_pubsub/py_pubsub.egg-info/dependency_links.txt
[0.676s] writing entry points to ../../build/py_pubsub/py_pubsub.egg-info/entry_points.txt
[0.676s] writing requirements to ../../build/py_pubsub/py_pubsub.egg-info/requires.txt
[0.676s] writing top-level names to ../../build/py_pubsub/py_pubsub.egg-info/top_level.txt
[0.694s] reading manifest file '../../build/py_pubsub/py_pubsub.egg-info/SOURCES.txt'
[0.695s] writing manifest file '../../build/py_pubsub/py_pubsub.egg-info/SOURCES.txt'
[0.695s] running build
[0.695s] running build_py
[0.695s] running install
[0.698s] running install_lib
[0.707s] running install_data
[0.707s] running install_egg_info
[0.717s] removing '/home/sckirl/tutorial_ws/install/py_pubsub/lib/python3.12/site-packages/py_pubsub-0.0.0-py3.12.egg-info' (and everything under it)
[0.717s] Copying ../../build/py_pubsub/py_pubsub.egg-info to /home/sckirl/tutorial_ws/install/py_pubsub/lib/python3.12/site-packages/py_pubsub-0.0.0-py3.12.egg-info
[0.718s] running install_scripts
[0.792s] Installing listener script to /home/sckirl/tutorial_ws/install/py_pubsub/lib/py_pubsub
[0.792s] Installing talker script to /home/sckirl/tutorial_ws/install/py_pubsub/lib/py_pubsub
[0.792s] writing list of installed files to '/home/sckirl/tutorial_ws/build/py_pubsub/install.log'
[0.806s] Invoked command in '/home/sckirl/tutorial_ws/src/py_pubsub' returned '0': DEBUGINFOD_URLS=https://debuginfod.ubuntu.com PYTHONPATH=/home/sckirl/tutorial_ws/build/py_pubsub/prefix_override:/usr/lib/python3/dist-packages/colcon_core/task/python/colcon_distutils_commands:/home/sckirl/tutorial_ws/install/py_pubsub/lib/python3.12/site-packages:${PYTHONPATH} /usr/bin/python3 -W ignore:setup.py install is deprecated -W ignore:easy_install command is deprecated setup.py egg_info --egg-base ../../build/py_pubsub build --build-base /home/sckirl/tutorial_ws/build/py_pubsub/build install --record /home/sckirl/tutorial_ws/build/py_pubsub/install.log --single-version-externally-managed install_data
