[0.591s] Invoking command in '/home/sckirl/tutorial_ws/src/py_pubsub': DEBUGINFOD_URLS=https://debuginfod.ubuntu.com PYTHONPATH=/home/sckirl/tutorial_ws/src/build/py_pubsub/prefix_override:/usr/lib/python3/dist-packages/colcon_core/task/python/colcon_distutils_commands:/home/sckirl/tutorial_ws/src/install/py_pubsub/lib/python3.12/site-packages:${PYTHONPATH} /usr/bin/python3 -W ignore:setup.py install is deprecated -W ignore:easy_install command is deprecated setup.py egg_info --egg-base ../build/py_pubsub build --build-base /home/sckirl/tutorial_ws/src/build/py_pubsub/build install --record /home/sckirl/tutorial_ws/src/build/py_pubsub/install.log --single-version-externally-managed install_data
[0.731s] running egg_info
[0.744s] writing ../build/py_pubsub/py_pubsub.egg-info/PKG-INFO
[0.744s] writing dependency_links to ../build/py_pubsub/py_pubsub.egg-info/dependency_links.txt
[0.744s] writing entry points to ../build/py_pubsub/py_pubsub.egg-info/entry_points.txt
[0.744s] writing requirements to ../build/py_pubsub/py_pubsub.egg-info/requires.txt
[0.744s] writing top-level names to ../build/py_pubsub/py_pubsub.egg-info/top_level.txt
[0.763s] reading manifest file '../build/py_pubsub/py_pubsub.egg-info/SOURCES.txt'
[0.763s] writing manifest file '../build/py_pubsub/py_pubsub.egg-info/SOURCES.txt'
[0.763s] running build
[0.763s] running build_py
[0.763s] copying py_pubsub/publisher.py -> /home/sckirl/tutorial_ws/src/build/py_pubsub/build/lib/py_pubsub
[0.764s] copying py_pubsub/subscriber.py -> /home/sckirl/tutorial_ws/src/build/py_pubsub/build/lib/py_pubsub
[0.764s] running install
[0.767s] running install_lib
[0.776s] copying /home/sckirl/tutorial_ws/src/build/py_pubsub/build/lib/py_pubsub/publisher.py -> /home/sckirl/tutorial_ws/src/install/py_pubsub/lib/python3.12/site-packages/py_pubsub
[0.776s] copying /home/sckirl/tutorial_ws/src/build/py_pubsub/build/lib/py_pubsub/subscriber.py -> /home/sckirl/tutorial_ws/src/install/py_pubsub/lib/python3.12/site-packages/py_pubsub
[0.776s] byte-compiling /home/sckirl/tutorial_ws/src/install/py_pubsub/lib/python3.12/site-packages/py_pubsub/publisher.py to publisher.cpython-312.pyc
[0.776s] byte-compiling /home/sckirl/tutorial_ws/src/install/py_pubsub/lib/python3.12/site-packages/py_pubsub/subscriber.py to subscriber.cpython-312.pyc
[0.777s] running install_data
[0.777s] running install_egg_info
[0.786s] removing '/home/sckirl/tutorial_ws/src/install/py_pubsub/lib/python3.12/site-packages/py_pubsub-0.0.0-py3.12.egg-info' (and everything under it)
[0.787s] Copying ../build/py_pubsub/py_pubsub.egg-info to /home/sckirl/tutorial_ws/src/install/py_pubsub/lib/python3.12/site-packages/py_pubsub-0.0.0-py3.12.egg-info
[0.787s] running install_scripts
[0.859s] Installing listener script to /home/sckirl/tutorial_ws/src/install/py_pubsub/lib/py_pubsub
[0.860s] Installing talker script to /home/sckirl/tutorial_ws/src/install/py_pubsub/lib/py_pubsub
[0.860s] writing list of installed files to '/home/sckirl/tutorial_ws/src/build/py_pubsub/install.log'
[0.874s] Invoked command in '/home/sckirl/tutorial_ws/src/py_pubsub' returned '0': DEBUGINFOD_URLS=https://debuginfod.ubuntu.com PYTHONPATH=/home/sckirl/tutorial_ws/src/build/py_pubsub/prefix_override:/usr/lib/python3/dist-packages/colcon_core/task/python/colcon_distutils_commands:/home/sckirl/tutorial_ws/src/install/py_pubsub/lib/python3.12/site-packages:${PYTHONPATH} /usr/bin/python3 -W ignore:setup.py install is deprecated -W ignore:easy_install command is deprecated setup.py egg_info --egg-base ../build/py_pubsub build --build-base /home/sckirl/tutorial_ws/src/build/py_pubsub/build install --record /home/sckirl/tutorial_ws/src/build/py_pubsub/install.log --single-version-externally-managed install_data
