[0.755s] Invoking command in '/home/sckirl/tutorial_ws/src/py_pubsub': DEBUGINFOD_URLS=https://debuginfod.ubuntu.com PYTHONPATH=/home/sckirl/tutorial_ws/src/build/py_pubsub/prefix_override:/usr/lib/python3/dist-packages/colcon_core/task/python/colcon_distutils_commands:/home/sckirl/tutorial_ws/src/install/py_pubsub/lib/python3.12/site-packages:${PYTHONPATH} /usr/bin/python3 -W ignore:setup.py install is deprecated -W ignore:easy_install command is deprecated setup.py egg_info --egg-base ../build/py_pubsub build --build-base /home/sckirl/tutorial_ws/src/build/py_pubsub/build install --record /home/sckirl/tutorial_ws/src/build/py_pubsub/install.log --single-version-externally-managed install_data
[0.877s] running egg_info
[0.878s] creating ../build/py_pubsub/py_pubsub.egg-info
[0.886s] writing ../build/py_pubsub/py_pubsub.egg-info/PKG-INFO
[0.886s] writing dependency_links to ../build/py_pubsub/py_pubsub.egg-info/dependency_links.txt
[0.886s] writing requirements to ../build/py_pubsub/py_pubsub.egg-info/requires.txt
[0.886s] writing top-level names to ../build/py_pubsub/py_pubsub.egg-info/top_level.txt
[0.886s] writing manifest file '../build/py_pubsub/py_pubsub.egg-info/SOURCES.txt'
[0.904s] reading manifest file '../build/py_pubsub/py_pubsub.egg-info/SOURCES.txt'
[0.904s] writing manifest file '../build/py_pubsub/py_pubsub.egg-info/SOURCES.txt'
[0.904s] running build
[0.905s] running build_py
[0.905s] creating /home/sckirl/tutorial_ws/src/build/py_pubsub/build
[0.905s] creating /home/sckirl/tutorial_ws/src/build/py_pubsub/build/lib
[0.905s] creating /home/sckirl/tutorial_ws/src/build/py_pubsub/build/lib/py_pubsub
[0.905s] copying py_pubsub/__init__.py -> /home/sckirl/tutorial_ws/src/build/py_pubsub/build/lib/py_pubsub
[0.905s] running install
[0.908s] running install_lib
[0.917s] creating /home/sckirl/tutorial_ws/src/install/py_pubsub/lib/python3.12/site-packages/py_pubsub
[0.917s] copying /home/sckirl/tutorial_ws/src/build/py_pubsub/build/lib/py_pubsub/__init__.py -> /home/sckirl/tutorial_ws/src/install/py_pubsub/lib/python3.12/site-packages/py_pubsub
[0.917s] byte-compiling /home/sckirl/tutorial_ws/src/install/py_pubsub/lib/python3.12/site-packages/py_pubsub/__init__.py to __init__.cpython-312.pyc
[0.917s] running install_data
[0.917s] creating /home/sckirl/tutorial_ws/src/install/py_pubsub/share/ament_index
[0.917s] creating /home/sckirl/tutorial_ws/src/install/py_pubsub/share/ament_index/resource_index
[0.917s] creating /home/sckirl/tutorial_ws/src/install/py_pubsub/share/ament_index/resource_index/packages
[0.917s] copying resource/py_pubsub -> /home/sckirl/tutorial_ws/src/install/py_pubsub/share/ament_index/resource_index/packages
[0.917s] copying package.xml -> /home/sckirl/tutorial_ws/src/install/py_pubsub/share/py_pubsub
[0.918s] running install_egg_info
[0.927s] Copying ../build/py_pubsub/py_pubsub.egg-info to /home/sckirl/tutorial_ws/src/install/py_pubsub/lib/python3.12/site-packages/py_pubsub-0.0.0-py3.12.egg-info
[0.928s] running install_scripts
[1.001s] writing list of installed files to '/home/sckirl/tutorial_ws/src/build/py_pubsub/install.log'
[1.021s] Invoked command in '/home/sckirl/tutorial_ws/src/py_pubsub' returned '0': DEBUGINFOD_URLS=https://debuginfod.ubuntu.com PYTHONPATH=/home/sckirl/tutorial_ws/src/build/py_pubsub/prefix_override:/usr/lib/python3/dist-packages/colcon_core/task/python/colcon_distutils_commands:/home/sckirl/tutorial_ws/src/install/py_pubsub/lib/python3.12/site-packages:${PYTHONPATH} /usr/bin/python3 -W ignore:setup.py install is deprecated -W ignore:easy_install command is deprecated setup.py egg_info --egg-base ../build/py_pubsub build --build-base /home/sckirl/tutorial_ws/src/build/py_pubsub/build install --record /home/sckirl/tutorial_ws/src/build/py_pubsub/install.log --single-version-externally-managed install_data
